==========================================
  L1J_TW 3.80c Original Server Launcher
==========================================

[INFO] 工作目录: /Users/wangluke/Localprojects/java380c/L1J_TW_380c_rebuild

[INFO] JAVA_HOME = /Library/Java/JavaVirtualMachines/zulu-8.jdk/Contents/Home
openjdk version "1.8.0_482"

[INFO] 日志目录: /Users/wangluke/Localprojects/java380c/L1J_TW_380c_rebuild/log/
       ├── log/java*.log.*    (一般INFO级日志)
       ├── log/error*.log.*   (WARNING/ERROR日志)
       └── 控制台同步输出 (可直接看到启动过程)

==========================================
  正在启动 L1J Server ...
  按 Ctrl+C 或关闭窗口可停止服务器
==========================================

[INFO] 服务器进程 PID: 64914

四月 20, 2026 7:08:29 下午 l1j.server.Config load
信息: loading gameserver config
伺服器成功建立在 port 2000
┌───────────────────────────────┐
│     版本: Lineage 3.80C  开发 By L1J-TW For All User		│
└───────────────────────────────┘

●●●●〈伺服器设置清单〉●●●●

┌「经验值」: 10.0【倍】
├「正义值」: 10.0【倍】
├「友好度」: 1.0【倍】
├「物品掉落」: 3.0【倍】
├「金币掉落」: 10.0【倍】
├「冲武」: 5%
├「冲防」: 5%
├「广播频道可用等级」: 30【级】
└「Non-PvP设定」: 【无效 (PvP可能)】

连线人数上限为 30 人 
┌───────────────────────────────┐
│     版本: Lineage 3.80C  开发 By L1J-TW For All User		│
└───────────────────────────────┘

四月 20, 2026 7:08:29 下午 l1j.server.server.IdFactory loadState
信息: 目前的物件ID: 274821081
【讀取】 【遊戲地圖 】【設定】[MapReader] maps/.map present=false | LOAD_V2=false | CACHE=true
【完成】【390】【毫秒】。
【讀取】 【spawn mob】【設定】【完成】【206】【毫秒】。
【讀取】 【npcaction】【設定】【完成】【90】【毫秒】。
【讀取】 【bosscycle】【設定】【完成】【133】【毫秒】。
【讀取】 【TreasureBox】【設定】【完成】【24】【毫秒】。
初始化完毕
→提示: 互動指令聽取中...
>
使用了: 209MB 的记忆体
等待客户端连接中...
→提示: 互動指令聽取中...
>

[INFO] 正在停止服务器...
★關閉伺服器★
【資料儲存完畢，所有玩家全部離線。】
[INFO] 服务器已停止，所有资源已释放。

[INFO] 正在停止服务器...
[INFO] 服务器已停止，所有资源已释放。
